C:\SADAT\SAFETY\ISV_APP\ISV_ENCLAVE_U.H
C:\SADAT\SAFETY\ISV_APP\ISV_ENCLAVE_U.C
C:\SADAT\SAFETY\ISV_APP\DEBUG\ISV_APP.OBJ
C:\SADAT\SAFETY\ISV_APP\DEBUG\STDAFX.OBJ
C:\SADAT\SAFETY\ISV_APP\DEBUG\VC110.PDB
C:\SADAT\SAFETY\ISV_APP\DEBUG\ISV_ENCLAVE_U.OBJ
C:\USERS\SADAT\APPDATA\LOCAL\TEMP\LNK{66F6AD23-FC89-43FE-A574-CBBBDFAB6791}.TMP
C:\USERS\SADAT\APPDATA\LOCAL\TEMP\LNK{CA71F6CC-6BEF-4BF3-A21E-6885D17468B4}.TMP
C:\USERS\SADAT\APPDATA\LOCAL\TEMP\LNK{CB5F4A0A-F982-4228-9505-27A8A91448EF}.TMP
C:\Sadat\SAFETY\Debug\isv_app.pdb
C:\Sadat\SAFETY\isv_app\Debug\isv_app.obj
C:\Sadat\SAFETY\isv_app\Debug\isv_enclave_u.obj
C:\Sadat\SAFETY\isv_app\Debug\stdafx.obj
C:\Sadat\SAFETY\isv_app\Debug\custombuild.command.1.tlog
C:\Sadat\SAFETY\isv_app\Debug\custombuild.read.1.tlog
C:\Sadat\SAFETY\isv_app\Debug\custombuild.write.1.tlog
C:\Sadat\SAFETY\isv_app\Debug\icl-mcpcom.read.1.tlog
C:\Sadat\SAFETY\isv_app\Debug\icl-mcpcom.write.1.tlog
C:\Sadat\SAFETY\isv_app\Debug\icl.command.1.tlog
C:\Sadat\SAFETY\isv_app\Debug\icl.read.1.tlog
C:\Sadat\SAFETY\isv_app\Debug\icl.write.1.tlog
C:\Sadat\SAFETY\isv_app\Debug\xilink-link-cvtres.read.1.tlog
C:\Sadat\SAFETY\isv_app\Debug\xilink-link-cvtres.write.1.tlog
C:\Sadat\SAFETY\isv_app\Debug\xilink-link-rc.read.1.tlog
C:\Sadat\SAFETY\isv_app\Debug\xilink-link-rc.write.1.tlog
C:\Sadat\SAFETY\isv_app\Debug\xilink-link.read.1.tlog
C:\Sadat\SAFETY\isv_app\Debug\xilink-link.write.1.tlog
C:\Sadat\SAFETY\isv_app\Debug\xilink-mcpcom.read.1.tlog
C:\Sadat\SAFETY\isv_app\Debug\xilink-mcpcom.write.1.tlog
C:\Sadat\SAFETY\isv_app\Debug\xilink.command.1.tlog
C:\Sadat\SAFETY\isv_app\Debug\xilink.read.1.tlog
C:\Sadat\SAFETY\isv_app\Debug\xilink.write.1.tlog
C:\Sadat\SAFETY\isv_app\Debug\vc110.pdb
