C:\SADAT\SAFETY\SERVICE_PROVIDER\DEBUG\DLLMAIN.OBJ
C:\SADAT\SAFETY\SERVICE_PROVIDER\DEBUG\VC110.PDB
C:\SADAT\SAFETY\SERVICE_PROVIDER\DEBUG\ECP.OBJ
C:\SADAT\SAFETY\SERVICE_PROVIDER\DEBUG\IAS_RA.OBJ
C:\SADAT\SAFETY\SERVICE_PROVIDER\DEBUG\NETWORK_RA.OBJ
C:\SADAT\SAFETY\SERVICE_PROVIDER\DEBUG\SERVICE_PROVIDER.OBJ
C:\Sadat\SAFETY\Debug\service_provider.lib
C:\Sadat\SAFETY\Debug\service_provider.exp
C:\USERS\SADAT\APPDATA\LOCAL\TEMP\LNK{9BBE2C78-0079-41CF-A543-E08A249210F2}.TMP
C:\SADAT\SAFETY\DEBUG\SERVICE_PROVIDER.ILK
C:\SADAT\SAFETY\DEBUG\SERVICE_PROVIDER.DLL
C:\SADAT\SAFETY\DEBUG\SERVICE_PROVIDER.LIB
C:\SADAT\SAFETY\DEBUG\SERVICE_PROVIDER.EXP
C:\Sadat\SAFETY\Debug\service_provider.pdb
C:\Sadat\SAFETY\Debug\service_provider.dll
C:\Sadat\SAFETY\Debug\service_provider.ilk
C:\Sadat\SAFETY\service_provider\Debug\dllmain.obj
C:\Sadat\SAFETY\service_provider\Debug\ecp.obj
C:\Sadat\SAFETY\service_provider\Debug\ias_ra.obj
C:\Sadat\SAFETY\service_provider\Debug\network_ra.obj
C:\Sadat\SAFETY\service_provider\Debug\service_provider.obj
C:\Sadat\SAFETY\service_provider\Debug\icl-mcpcom.read.1.tlog
C:\Sadat\SAFETY\service_provider\Debug\icl-mcpcom.write.1.tlog
C:\Sadat\SAFETY\service_provider\Debug\icl.command.1.tlog
C:\Sadat\SAFETY\service_provider\Debug\icl.read.1.tlog
C:\Sadat\SAFETY\service_provider\Debug\icl.write.1.tlog
C:\Sadat\SAFETY\service_provider\Debug\service_provider.write.1.tlog
C:\Sadat\SAFETY\service_provider\Debug\xilink-link-cvtres.read.1.tlog
C:\Sadat\SAFETY\service_provider\Debug\xilink-link-cvtres.write.1.tlog
C:\Sadat\SAFETY\service_provider\Debug\xilink-link-rc.read.1.tlog
C:\Sadat\SAFETY\service_provider\Debug\xilink-link-rc.write.1.tlog
C:\Sadat\SAFETY\service_provider\Debug\xilink-link.read.1.tlog
C:\Sadat\SAFETY\service_provider\Debug\xilink-link.write.1.tlog
C:\Sadat\SAFETY\service_provider\Debug\xilink-mcpcom.read.1.tlog
C:\Sadat\SAFETY\service_provider\Debug\xilink-mcpcom.write.1.tlog
C:\Sadat\SAFETY\service_provider\Debug\xilink.command.1.tlog
C:\Sadat\SAFETY\service_provider\Debug\xilink.read.1.tlog
C:\Sadat\SAFETY\service_provider\Debug\xilink.write.1.tlog
C:\Sadat\SAFETY\service_provider\Debug\vc110.pdb
