C:\SADAT\SAFETY\ISV_ENCLAVE\ISV_ENCLAVE_T.H
C:\SADAT\SAFETY\ISV_ENCLAVE\ISV_ENCLAVE_T.C
C:\SADAT\SAFETY\ISV_ENCLAVE\DEBUG\BIGINTEGER.OBJ
C:\SADAT\SAFETY\ISV_ENCLAVE\DEBUG\BIGINTEGERALGORITHMS.OBJ
C:\SADAT\SAFETY\ISV_ENCLAVE\DEBUG\BIGINTEGERUTILS.OBJ
C:\SADAT\SAFETY\ISV_ENCLAVE\DEBUG\BIGUNSIGNED.OBJ
C:\SADAT\SAFETY\ISV_ENCLAVE\DEBUG\BIGUNSIGNEDBASE.OBJ
C:\Sadat\SAFETY\isv_enclave\Debug\biginteger.obj
C:\Sadat\SAFETY\isv_enclave\Debug\bigintegeralgorithms.obj
C:\Sadat\SAFETY\isv_enclave\Debug\bigintegerutils.obj
C:\Sadat\SAFETY\isv_enclave\Debug\bigunsigned.obj
C:\Sadat\SAFETY\isv_enclave\Debug\bigunsignedbase.obj
C:\Sadat\SAFETY\isv_enclave\Debug\custombuild.command.1.tlog
C:\Sadat\SAFETY\isv_enclave\Debug\custombuild.read.1.tlog
C:\Sadat\SAFETY\isv_enclave\Debug\custombuild.write.1.tlog
C:\Sadat\SAFETY\isv_enclave\Debug\icl-mcpcom.read.1.tlog
C:\Sadat\SAFETY\isv_enclave\Debug\icl-mcpcom.write.1.tlog
C:\Sadat\SAFETY\isv_enclave\Debug\icl.command.1.tlog
C:\Sadat\SAFETY\isv_enclave\Debug\icl.read.1.tlog
C:\Sadat\SAFETY\isv_enclave\Debug\icl.write.1.tlog
C:\Sadat\SAFETY\isv_enclave\Debug\vc110.pdb
